Processing by Rails::WelcomeController#index as HTML
Completed 200 OK in 20ms (Views: 5.6ms | ActiveRecord: 0.0ms | Allocations: 7355)


Processing by Rails::WelcomeController#index as HTML
Completed 200 OK in 10ms (Views: 3.7ms | ActiveRecord: 0.0ms | Allocations: 4223)


Processing by Rails::WelcomeController#index as HTML
Completed 200 OK in 16ms (Views: 4.3ms | ActiveRecord: 0.0ms | Allocations: 4223)


Processing by LogTestController#log_messages as HTML
Completed 200 OK in 6ms (Views: 4.9ms | ActiveRecord: 0.0ms | Allocations: 725)


Processing by Rails::WelcomeController#index as HTML
Completed 200 OK in 11ms (Views: 4.0ms | ActiveRecord: 0.0ms | Allocations: 4220)


Processing by LogTestController#log_messages as HTML
Completed 200 OK in 4ms (Views: 2.6ms | ActiveRecord: 0.0ms | Allocations: 678)


Processing by Rails::WelcomeController#index as HTML
Completed 200 OK in 38ms (Views: 8.9ms | ActiveRecord: 0.0ms | Allocations: 4217)


Processing by LogTestController#log_messages as HTML
Completed 200 OK in 460ms (Views: 55.7ms | ActiveRecord: 0.0ms | Allocations: 1235)


Processing by Rails::WelcomeController#index as HTML
Completed 200 OK in 28ms (Views: 16.9ms | ActiveRecord: 0.0ms | Allocations: 4219)


Processing by LogTestController#log_messages as HTML
Completed 200 OK in 397ms (Views: 10.4ms | ActiveRecord: 0.0ms | Allocations: 1247)


Processing by Rails::WelcomeController#index as HTML
Completed 200 OK in 11ms (Views: 3.7ms | ActiveRecord: 0.0ms | Allocations: 4219)


Processing by LogTestController#log_messages as HTML
Completed 200 OK in 381ms (Views: 8.3ms | ActiveRecord: 0.0ms | Allocations: 1246)


Processing by Rails::WelcomeController#index as HTML
Completed 200 OK in 25ms (Views: 5.3ms | ActiveRecord: 0.0ms | Allocations: 4215)


Processing by LogTestController#log_messages as HTML
Completed 200 OK in 390ms (Views: 16.2ms | ActiveRecord: 0.0ms | Allocations: 1236)


Processing by Rails::WelcomeController#index as HTML
Completed 200 OK in 27ms (Views: 5.0ms | ActiveRecord: 0.0ms | Allocations: 4215)


Processing by LogTestController#log_messages as HTML
Completed 200 OK in 377ms (Views: 9.0ms | ActiveRecord: 0.0ms | Allocations: 1238)


Processing by LogTestController#log_messages as HTML
Completed 200 OK in 444ms (Views: 20.4ms | ActiveRecord: 0.0ms | Allocations: 3293)


Processing by LogTestController#log_messages as HTML
Completed 200 OK in 414ms (Views: 21.7ms | ActiveRecord: 0.0ms | Allocations: 3293)


Processing by LogTestController#log_messages as HTML
Completed 200 OK in 393ms (Views: 19.2ms | ActiveRecord: 0.0ms | Allocations: 3289)


Processing by LogTestController#log_messages as HTML
Completed 200 OK in 385ms (Views: 4.2ms | ActiveRecord: 0.0ms | Allocations: 3299)


Processing by Rails::WelcomeController#index as HTML
Completed 200 OK in 14ms (Views: 4.9ms | ActiveRecord: 0.0ms | Allocations: 2577)


Processing by LogTestController#log_messages as HTML
Completed 200 OK in 3020ms (Views: 772.0ms | ActiveRecord: 0.0ms | Allocations: 7040)


Processing by LogTestController#log_messages as HTML
Completed 200 OK in 3065ms (Views: 774.8ms | ActiveRecord: 0.0ms | Allocations: 7199)


Processing by LogTestController#log_messages as HTML
Completed 200 OK in 3023ms (Views: 754.1ms | ActiveRecord: 0.0ms | Allocations: 7020)


Processing by LogTestController#log_messages as HTML
Completed 200 OK in 2977ms (Views: 753.6ms | ActiveRecord: 0.0ms | Allocations: 7114)


Processing by LogTestController#log_messages as HTML
Completed 200 OK in 2971ms (Views: 759.5ms | ActiveRecord: 0.0ms | Allocations: 7026)


Processing by LogTestController#log_messages as HTML
Completed 200 OK in 2978ms (Views: 750.9ms | ActiveRecord: 0.0ms | Allocations: 7080)


Processing by LogTestController#log_messages as HTML
Completed 200 OK in 2961ms (Views: 753.4ms | ActiveRecord: 0.0ms | Allocations: 7004)


Processing by LogTestController#log_messages as HTML
Completed 200 OK in 2937ms (Views: 752.2ms | ActiveRecord: 0.0ms | Allocations: 7100)


Processing by LogTestController#log_messages as HTML
Completed 200 OK in 5907ms (Views: 1491.3ms | ActiveRecord: 0.0ms | Allocations: 11000)


Processing by LogTestController#log_messages as HTML
Completed 200 OK in 6322ms (Views: 1927.9ms | ActiveRecord: 0.0ms | Allocations: 11017)


Processing by LogTestController#log_messages as HTML
Completed 200 OK in 5877ms (Views: 1478.9ms | ActiveRecord: 0.0ms | Allocations: 10911)


Processing by LogTestController#log_messages as HTML
Completed 200 OK in 2990ms (Views: 738.4ms | ActiveRecord: 0.0ms | Allocations: 7009)


Processing by LogTestController#log_messages as HTML
Completed 200 OK in 2912ms (Views: 733.1ms | ActiveRecord: 0.0ms | Allocations: 7097)


Processing by LogTestController#log_messages as HTML
Completed 200 OK in 6085ms (Views: 1463.0ms | ActiveRecord: 0.0ms | Allocations: 10970)


Processing by LogTestController#log_messages as HTML
Completed 200 OK in 2912ms (Views: 732.4ms | ActiveRecord: 0.0ms | Allocations: 7096)


Processing by LogTestController#log_messages as HTML
Completed 200 OK in 2940ms (Views: 739.3ms | ActiveRecord: 0.0ms | Allocations: 7004)


Processing by LogTestController#log_messages as HTML
Completed 200 OK in 2953ms (Views: 739.3ms | ActiveRecord: 0.0ms | Allocations: 7094)


Processing by LogTestController#log_messages as HTML
Completed 200 OK in 2918ms (Views: 737.4ms | ActiveRecord: 0.0ms | Allocations: 7128)


Processing by LogTestController#log_messages as HTML
Completed 200 OK in 2978ms (Views: 770.5ms | ActiveRecord: 0.0ms | Allocations: 7122)


Processing by Rails::WelcomeController#index as HTML
Completed 200 OK in 16ms (Views: 4.7ms | ActiveRecord: 0.0ms | Allocations: 4207)


Processing by LogTestController#log_messages as HTML
Completed 200 OK in 512ms (Views: 10.9ms | ActiveRecord: 0.0ms | Allocations: 2027)


Processing by LogTestController#log_messages as HTML
Completed 200 OK in 4ms (Views: 1.8ms | ActiveRecord: 0.0ms | Allocations: 2284)


Processing by LogTestController#log_messages as HTML
Completed 200 OK in 5ms (Views: 2.4ms | ActiveRecord: 0.0ms | Allocations: 230)


Processing by LogTestController#log_messages as HTML
Completed 200 OK in 5ms (Views: 2.1ms | ActiveRecord: 0.0ms | Allocations: 2311)


Processing by LogTestController#log_messages as HTML
Completed 200 OK in 5ms (Views: 1.7ms | ActiveRecord: 0.0ms | Allocations: 2316)


Processing by LogTestController#log_messages as HTML
Completed 200 OK in 6ms (Views: 2.1ms | ActiveRecord: 0.0ms | Allocations: 2316)


Processing by LogTestController#log_messages as HTML
Completed 200 OK in 5ms (Views: 1.9ms | ActiveRecord: 0.0ms | Allocations: 2313)


Processing by LogTestController#log_messages as HTML
Completed 200 OK in 6ms (Views: 2.1ms | ActiveRecord: 0.0ms | Allocations: 2313)


Processing by LogTestController#log_messages as HTML
Completed 200 OK in 5ms (Views: 1.8ms | ActiveRecord: 0.0ms | Allocations: 2313)


Processing by LogTestController#log_messages as HTML
Completed 200 OK in 5ms (Views: 2.0ms | ActiveRecord: 0.0ms | Allocations: 2313)


Processing by LogTestController#log_messages as HTML
Completed 200 OK in 5ms (Views: 2.3ms | ActiveRecord: 0.0ms | Allocations: 2313)


Processing by LogTestController#log_messages as HTML
Completed 200 OK in 5ms (Views: 2.0ms | ActiveRecord: 0.0ms | Allocations: 2313)


Processing by LogTestController#log_messages as HTML
Completed 200 OK in 2ms (Views: 0.6ms | ActiveRecord: 0.0ms | Allocations: 258)


Processing by LogTestController#log_messages as HTML
Completed 200 OK in 6ms (Views: 2.0ms | ActiveRecord: 0.0ms | Allocations: 2313)


Processing by LogTestController#log_messages as HTML
Completed 200 OK in 6ms (Views: 2.4ms | ActiveRecord: 0.0ms | Allocations: 2313)


Processing by LogTestController#log_messages as HTML
Completed 200 OK in 5ms (Views: 1.9ms | ActiveRecord: 0.0ms | Allocations: 2313)


Processing by LogTestController#log_messages as HTML
Completed 200 OK in 5ms (Views: 1.8ms | ActiveRecord: 0.0ms | Allocations: 2313)


Processing by LogTestController#log_messages as HTML
Completed 200 OK in 4ms (Views: 1.7ms | ActiveRecord: 0.0ms | Allocations: 2313)


Processing by LogTestController#log_messages as HTML
Completed 200 OK in 5ms (Views: 1.6ms | ActiveRecord: 0.0ms | Allocations: 2316)


Processing by LogTestController#log_messages as HTML
Completed 200 OK in 6ms (Views: 2.2ms | ActiveRecord: 0.0ms | Allocations: 2313)


Processing by LogTestController#log_messages as HTML
Completed 200 OK in 5ms (Views: 1.8ms | ActiveRecord: 0.0ms | Allocations: 2313)


Processing by LogTestController#log_messages as HTML
Completed 200 OK in 5ms (Views: 1.9ms | ActiveRecord: 0.0ms | Allocations: 2313)


Processing by LogTestController#log_messages as HTML
Completed 200 OK in 5ms (Views: 1.8ms | ActiveRecord: 0.0ms | Allocations: 2313)


Processing by LogTestController#log_messages as HTML
Completed 200 OK in 3ms (Views: 0.9ms | ActiveRecord: 0.0ms | Allocations: 258)


Processing by LogTestController#log_messages as HTML
Completed 200 OK in 5ms (Views: 2.2ms | ActiveRecord: 0.0ms | Allocations: 2313)


Processing by LogTestController#log_messages as HTML
Completed 200 OK in 3ms (Views: 1.1ms | ActiveRecord: 0.0ms | Allocations: 258)


Processing by LogTestController#log_messages as HTML
Completed 200 OK in 5ms (Views: 1.7ms | ActiveRecord: 0.0ms | Allocations: 2313)


Processing by LogTestController#log_messages as HTML
Completed 200 OK in 3ms (Views: 0.8ms | ActiveRecord: 0.0ms | Allocations: 258)


Processing by LogTestController#log_messages as HTML
Completed 200 OK in 6ms (Views: 2.3ms | ActiveRecord: 0.0ms | Allocations: 2313)


Processing by LogTestController#log_messages as HTML
Completed 200 OK in 5ms (Views: 2.0ms | ActiveRecord: 0.0ms | Allocations: 2313)


Processing by LogTestController#log_messages as HTML
Completed 200 OK in 5ms (Views: 1.8ms | ActiveRecord: 0.0ms | Allocations: 2316)


Processing by LogTestController#log_messages as HTML
Completed 200 OK in 5ms (Views: 0.9ms | ActiveRecord: 0.0ms | Allocations: 259)


Processing by LogTestController#log_messages as HTML
Completed 200 OK in 5ms (Views: 1.8ms | ActiveRecord: 0.0ms | Allocations: 2314)


Processing by LogTestController#log_messages as HTML
Completed 200 OK in 3ms (Views: 1.0ms | ActiveRecord: 0.0ms | Allocations: 258)


Processing by LogTestController#log_messages as HTML
Completed 200 OK in 5ms (Views: 2.2ms | ActiveRecord: 0.0ms | Allocations: 2313)


Processing by LogTestController#log_messages as HTML
Completed 200 OK in 5ms (Views: 1.9ms | ActiveRecord: 0.0ms | Allocations: 2313)


Processing by LogTestController#log_messages as HTML
Completed 200 OK in 5ms (Views: 1.8ms | ActiveRecord: 0.0ms | Allocations: 2313)


Processing by LogTestController#log_messages as HTML
Completed 200 OK in 12ms (Views: 0.7ms | ActiveRecord: 0.0ms | Allocations: 258)


Processing by LogTestController#log_messages as HTML
Completed 200 OK in 5ms (Views: 1.9ms | ActiveRecord: 0.0ms | Allocations: 2313)


Processing by LogTestController#log_messages as HTML
Completed 200 OK in 2ms (Views: 0.5ms | ActiveRecord: 0.0ms | Allocations: 258)


Processing by LogTestController#log_messages as HTML
Completed 200 OK in 4ms (Views: 1.7ms | ActiveRecord: 0.0ms | Allocations: 2313)


Processing by LogTestController#log_messages as HTML
Completed 200 OK in 552ms (Views: 14.0ms | ActiveRecord: 0.0ms | Allocations: 3625)


Processing by LogTestController#log_messages as HTML
Completed 200 OK in 459ms (Views: 1.7ms | ActiveRecord: 0.0ms | Allocations: 1241)


Processing by LogTestController#log_messages as HTML
Completed 200 OK in 5ms (Views: 1.9ms | ActiveRecord: 0.0ms | Allocations: 2285)


Processing by LogTestController#log_messages as HTML
Completed 200 OK in 4ms (Views: 2.3ms | ActiveRecord: 0.0ms | Allocations: 230)


Processing by LogTestController#log_messages as HTML
Completed 200 OK in 65ms (Views: 21.3ms | ActiveRecord: 0.0ms | Allocations: 3572)


Processing by LogTestController#log_messages as HTML
Completed 200 OK in 75ms (Views: 18.5ms | ActiveRecord: 0.0ms | Allocations: 1528)


Processing by LogTestController#log_messages as HTML
Completed 200 OK in 105ms (Views: 46.1ms | ActiveRecord: 0.0ms | Allocations: 3572)


Processing by LogTestController#log_messages as HTML
Completed 200 OK in 148ms (Views: 26.1ms | ActiveRecord: 0.0ms | Allocations: 1529)


Processing by LogTestController#log_messages as HTML
Completed 200 OK in 334ms (Views: 93.5ms | ActiveRecord: 0.0ms | Allocations: 1531)


Processing by LogTestController#log_messages as HTML
Completed 200 OK in 5ms (Views: 2.3ms | ActiveRecord: 0.0ms | Allocations: 2234)


Processing by LogTestController#log_messages as HTML
Completed 200 OK in 2ms (Views: 0.4ms | ActiveRecord: 0.0ms | Allocations: 190)


Processing by LogTestController#log_messages as HTML
Completed 200 OK in 5ms (Views: 1.8ms | ActiveRecord: 0.0ms | Allocations: 2285)


Processing by LogTestController#log_messages as HTML
Completed 200 OK in 113ms (Views: 56.6ms | ActiveRecord: 0.0ms | Allocations: 3572)


Processing by LogTestController#log_messages as HTML
Completed 200 OK in 84ms (Views: 20.4ms | ActiveRecord: 0.0ms | Allocations: 1528)


Processing by LogTestController#log_messages as HTML
Completed 200 OK in 5ms (Views: 1.8ms | ActiveRecord: 0.0ms | Allocations: 2266)


Processing by LogTestController#log_messages as HTML
Completed 200 OK in 1ms (Views: 0.5ms | ActiveRecord: 0.0ms | Allocations: 222)


Processing by LogTestController#log_messages as HTML
Completed 200 OK in 5ms (Views: 1.9ms | ActiveRecord: 0.0ms | Allocations: 2307)


Processing by LogTestController#log_messages as HTML
Completed 200 OK in 7ms (Views: 2.4ms | ActiveRecord: 0.0ms | Allocations: 2467)


Processing by LogTestController#log_messages as HTML
Completed 200 OK in 10ms (Views: 3.2ms | ActiveRecord: 0.0ms | Allocations: 422)


Processing by LogTestController#log_messages as HTML
Completed 200 OK in 6ms (Views: 2.3ms | ActiveRecord: 0.0ms | Allocations: 2483)


Processing by LogTestController#log_messages as HTML
Completed 200 OK in 12ms (Views: 2.7ms | ActiveRecord: 0.0ms | Allocations: 2483)


Processing by LogTestController#log_messages as HTML
Completed 200 OK in 7ms (Views: 2.3ms | ActiveRecord: 0.0ms | Allocations: 2518)


Processing by Rails::WelcomeController#index as HTML
Completed 200 OK in 8ms (Views: 2.7ms | ActiveRecord: 0.0ms | Allocations: 4256)


Processing by LogTestController#log_messages as HTML
Completed 200 OK in 7ms (Views: 4.2ms | ActiveRecord: 0.0ms | Allocations: 753)


Processing by LogTestController#log_messages as HTML
Completed 200 OK in 28ms (Views: 2.8ms | ActiveRecord: 0.0ms | Allocations: 2659)


Processing by Rails::WelcomeController#index as HTML
Completed 200 OK in 9ms (Views: 3.0ms | ActiveRecord: 0.0ms | Allocations: 4201)


Processing by LogTestController#log_messages as HTML
Completed 200 OK in 430ms (Views: 12.8ms | ActiveRecord: 0.0ms | Allocations: 1348)


Processing by LogTestController#log_messages as HTML
Completed 200 OK in 379ms (Views: 10.5ms | ActiveRecord: 0.0ms | Allocations: 2989)


Processing by Rails::WelcomeController#index as HTML
Completed 200 OK in 9ms (Views: 2.9ms | ActiveRecord: 0.0ms | Allocations: 4210)


Processing by LogTestController#log_messages as HTML
Completed 200 OK in 4ms (Views: 2.7ms | ActiveRecord: 0.0ms | Allocations: 617)


Processing by LogTestController#log_messages as HTML
Completed 200 OK in 2ms (Views: 0.8ms | ActiveRecord: 0.0ms | Allocations: 195)


Processing by LogTestController#log_messages as HTML
Completed 200 OK in 389ms (Views: 386.6ms | ActiveRecord: 0.0ms | Allocations: 1032)


Processing by LogTestController#log_messages as HTML
Completed 200 OK in 5ms (Views: 1.9ms | ActiveRecord: 0.0ms | Allocations: 2249)


Processing by LogTestController#log_messages as HTML
Completed 200 OK in 5ms (Views: 2.2ms | ActiveRecord: 0.0ms | Allocations: 2249)


Processing by LogTestController#log_messages as HTML
Completed 200 OK in 47ms (Views: 2.4ms | ActiveRecord: 0.0ms | Allocations: 3148)


Processing by LogTestController#log_messages as HTML
Completed 200 OK in 449ms (Views: 20.9ms | ActiveRecord: 0.0ms | Allocations: 2989)


Processing by LogTestController#log_messages as HTML
Completed 200 OK in 5ms (Views: 1.9ms | ActiveRecord: 0.0ms | Allocations: 2249)


Processing by Rails::WelcomeController#index as HTML
Completed 200 OK in 10ms (Views: 3.5ms | ActiveRecord: 0.0ms | Allocations: 4221)


Processing by LogTestController#log_messages as HTML
Completed 200 OK in 4ms (Views: 2.4ms | ActiveRecord: 0.0ms | Allocations: 655)


Processing by LogTestController#log_messages as HTML
Completed 200 OK in 4ms (Views: 0.8ms | ActiveRecord: 0.0ms | Allocations: 234)


Processing by LogTestController#log_messages as HTML
Completed 200 OK in 3ms (Views: 1.0ms | ActiveRecord: 0.0ms | Allocations: 234)


Processing by LogTestController#log_messages as HTML
Completed 200 OK in 5ms (Views: 2.4ms | ActiveRecord: 0.0ms | Allocations: 2259)


Processing by LogTestController#log_messages as HTML
Completed 200 OK in 2ms (Views: 0.7ms | ActiveRecord: 0.0ms | Allocations: 206)


Processing by LogTestController#log_messages as HTML
Completed 200 OK in 5ms (Views: 1.9ms | ActiveRecord: 0.0ms | Allocations: 2259)


Processing by LogTestController#log_messages as HTML
Completed 200 OK in 4ms (Views: 1.6ms | ActiveRecord: 0.0ms | Allocations: 206)


Processing by LogTestController#log_messages as HTML
Completed 200 OK in 4ms (Views: 1.7ms | ActiveRecord: 0.0ms | Allocations: 2260)


Processing by LogTestController#log_messages as HTML
Completed 200 OK in 3ms (Views: 0.8ms | ActiveRecord: 0.0ms | Allocations: 206)


Processing by LogTestController#log_messages as HTML
Completed 200 OK in 5ms (Views: 1.8ms | ActiveRecord: 0.0ms | Allocations: 2260)


Processing by LogTestController#log_messages as HTML
Completed 200 OK in 1ms (Views: 0.3ms | ActiveRecord: 0.0ms | Allocations: 206)


Processing by LogTestController#log_messages as HTML
Completed 200 OK in 4ms (Views: 1.7ms | ActiveRecord: 0.0ms | Allocations: 2259)


Processing by LogTestController#log_messages as HTML
Completed 200 OK in 2ms (Views: 0.9ms | ActiveRecord: 0.0ms | Allocations: 206)


Processing by LogTestController#log_messages as HTML
Completed 200 OK in 376ms (Views: 1.7ms | ActiveRecord: 0.0ms | Allocations: 931)


Processing by LogTestController#log_messages as HTML
Completed 200 OK in 389ms (Views: 2.5ms | ActiveRecord: 0.0ms | Allocations: 930)


Processing by LogTestController#log_messages as HTML
Completed 200 OK in 384ms (Views: 1.8ms | ActiveRecord: 0.0ms | Allocations: 929)


Processing by LogTestController#log_messages as HTML
Completed 200 OK in 1ms (Views: 0.5ms | ActiveRecord: 0.0ms | Allocations: 206)


Processing by LogTestController#log_messages as HTML
Completed 200 OK in 5ms (Views: 1.9ms | ActiveRecord: 0.0ms | Allocations: 2287)


Processing by LogTestController#log_messages as HTML
Completed 200 OK in 1ms (Views: 0.4ms | ActiveRecord: 0.0ms | Allocations: 234)


Processing by LogTestController#log_messages as HTML
Completed 200 OK in 2ms (Views: 0.6ms | ActiveRecord: 0.0ms | Allocations: 234)


Processing by LogTestController#log_messages as HTML
Completed 200 OK in 4ms (Views: 1.7ms | ActiveRecord: 0.0ms | Allocations: 2259)


Processing by LogTestController#log_messages as HTML
Completed 200 OK in 3ms (Views: 1.4ms | ActiveRecord: 0.0ms | Allocations: 206)


Processing by LogTestController#log_messages as HTML
Completed 200 OK in 2ms (Views: 0.7ms | ActiveRecord: 0.0ms | Allocations: 206)


Processing by LogTestController#log_messages as HTML
Completed 200 OK in 4ms (Views: 1.7ms | ActiveRecord: 0.0ms | Allocations: 2259)


Processing by LogTestController#log_messages as HTML
Completed 200 OK in 4ms (Views: 2.4ms | ActiveRecord: 0.0ms | Allocations: 206)


Processing by LogTestController#log_messages as HTML
Completed 200 OK in 6ms (Views: 2.5ms | ActiveRecord: 0.0ms | Allocations: 2259)


Processing by LogTestController#log_messages as HTML
Completed 200 OK in 1ms (Views: 0.4ms | ActiveRecord: 0.0ms | Allocations: 206)


Processing by LogTestController#log_messages as HTML
Completed 200 OK in 5ms (Views: 2.1ms | ActiveRecord: 0.0ms | Allocations: 2251)


Processing by LogTestController#log_messages as HTML
Completed 200 OK in 6ms (Views: 4.6ms | ActiveRecord: 0.0ms | Allocations: 198)


Processing by LogTestController#log_messages as HTML
Completed 200 OK in 420ms (Views: 11.6ms | ActiveRecord: 0.0ms | Allocations: 3664)


Processing by LogTestController#log_messages as HTML
Completed 200 OK in 395ms (Views: 1.7ms | ActiveRecord: 0.0ms | Allocations: 944)


Processing by LogTestController#log_messages as HTML
Completed 200 OK in 422ms (Views: 14.1ms | ActiveRecord: 0.0ms | Allocations: 3640)


Processing by LogTestController#log_messages as HTML
Completed 200 OK in 382ms (Views: 2.7ms | ActiveRecord: 0.0ms | Allocations: 918)


Processing by LogTestController#log_messages as HTML
Completed 200 OK in 376ms (Views: 1.9ms | ActiveRecord: 0.0ms | Allocations: 903)


Processing by LogTestController#log_messages as HTML
Completed 200 OK in 420ms (Views: 14.9ms | ActiveRecord: 0.0ms | Allocations: 3640)


Processing by LogTestController#log_messages as HTML
Completed 200 OK in 388ms (Views: 1.2ms | ActiveRecord: 0.0ms | Allocations: 918)


Processing by LogTestController#log_messages as HTML
Completed 200 OK in 4ms (Views: 1.7ms | ActiveRecord: 0.0ms | Allocations: 2283)


Processing by LogTestController#log_messages as HTML
Completed 200 OK in 4ms (Views: 1.2ms | ActiveRecord: 0.0ms | Allocations: 230)


Processing by LogTestController#log_messages as HTML
Completed 200 OK in 5ms (Views: 1.9ms | ActiveRecord: 0.0ms | Allocations: 2311)


Processing by LogTestController#log_messages as HTML
Completed 200 OK in 2ms (Views: 1.1ms | ActiveRecord: 0.0ms | Allocations: 258)


Processing by LogTestController#log_messages as HTML
Completed 200 OK in 5ms (Views: 1.8ms | ActiveRecord: 0.0ms | Allocations: 2311)


Processing by LogTestController#log_messages as HTML
Completed 200 OK in 2ms (Views: 1.0ms | ActiveRecord: 0.0ms | Allocations: 258)


Processing by LogTestController#log_messages as HTML
Completed 200 OK in 5ms (Views: 1.9ms | ActiveRecord: 0.0ms | Allocations: 2311)


Processing by LogTestController#log_messages as HTML
Completed 200 OK in 2ms (Views: 0.7ms | ActiveRecord: 0.0ms | Allocations: 258)


Processing by LogTestController#log_messages as HTML
Completed 200 OK in 5ms (Views: 1.9ms | ActiveRecord: 0.0ms | Allocations: 2311)


Processing by LogTestController#log_messages as HTML
Completed 200 OK in 6ms (Views: 4.1ms | ActiveRecord: 0.0ms | Allocations: 258)


Processing by LogTestController#log_messages as HTML
Completed 200 OK in 20ms (Views: 4.0ms | ActiveRecord: 0.0ms | Allocations: 2355)


Processing by LogTestController#log_messages as HTML
Completed 200 OK in 18ms (Views: 1.1ms | ActiveRecord: 0.0ms | Allocations: 297)


Processing by LogTestController#log_messages as HTML
Completed 200 OK in 20ms (Views: 0.4ms | ActiveRecord: 0.0ms | Allocations: 297)


Processing by LogTestController#log_messages as HTML
Completed 200 OK in 18ms (Views: 2.5ms | ActiveRecord: 0.0ms | Allocations: 2350)


Processing by LogTestController#log_messages as HTML
Completed 200 OK in 11ms (Views: 2.0ms | ActiveRecord: 0.0ms | Allocations: 2350)


Processing by LogTestController#log_messages as HTML
Completed 200 OK in 19ms (Views: 0.9ms | ActiveRecord: 0.0ms | Allocations: 304)


Processing by LogTestController#log_messages as HTML
Completed 200 OK in 438ms (Views: 0.6ms | ActiveRecord: 0.0ms | Allocations: 1028)


Processing by LogTestController#log_messages as HTML
Completed 200 OK in 10ms (Views: 1.7ms | ActiveRecord: 0.0ms | Allocations: 2334)


Processing by Rails::WelcomeController#index as HTML
Completed 200 OK in 11ms (Views: 4.1ms | ActiveRecord: 0.0ms | Allocations: 4155)


Processing by LogTestController#log_messages as HTML
Completed 200 OK in 19ms (Views: 2.8ms | ActiveRecord: 0.0ms | Allocations: 728)


Processing by LogTestController#log_messages as HTML
Completed 200 OK in 21ms (Views: 0.8ms | ActiveRecord: 0.0ms | Allocations: 297)


Processing by LogTestController#log_messages as HTML
Completed 200 OK in 18ms (Views: 0.7ms | ActiveRecord: 0.0ms | Allocations: 297)


Processing by LogTestController#log_messages as HTML
Completed 200 OK in 19ms (Views: 0.8ms | ActiveRecord: 0.0ms | Allocations: 295)


Processing by LogTestController#log_messages as HTML
Completed 200 OK in 4ms (Views: 1.8ms | ActiveRecord: 0.0ms | Allocations: 2183)


Processing by LogTestController#log_messages as HTML
Completed 200 OK in 4ms (Views: 1.7ms | ActiveRecord: 0.0ms | Allocations: 2182)


Processing by LogTestController#log_messages as HTML
Completed 200 OK in 3ms (Views: 1.2ms | ActiveRecord: 0.0ms | Allocations: 146)


Processing by LogTestController#log_messages as HTML
Completed 200 OK in 2ms (Views: 1.0ms | ActiveRecord: 0.0ms | Allocations: 146)


Processing by LogTestController#log_messages as HTML
Completed 200 OK in 5ms (Views: 1.9ms | ActiveRecord: 0.0ms | Allocations: 2182)


Processing by Rails::WelcomeController#index as HTML
Completed 200 OK in 6ms (Views: 1.9ms | ActiveRecord: 0.0ms | Allocations: 2529)


Processing by LogTestController#log_messages as HTML
Completed 200 OK in 2ms (Views: 1.5ms | ActiveRecord: 0.0ms | Allocations: 347)


Processing by LogTestController#log_messages as HTML
Completed 200 OK in 2ms (Views: 0.8ms | ActiveRecord: 0.0ms | Allocations: 147)


Processing by LogTestController#log_messages as HTML
Completed 200 OK in 6ms (Views: 2.4ms | ActiveRecord: 0.0ms | Allocations: 2182)


Processing by LogTestController#log_messages as HTML
Completed 200 OK in 1ms (Views: 0.2ms | ActiveRecord: 0.0ms | Allocations: 146)


Processing by LogTestController#log_messages as HTML
Completed 200 OK in 3ms (Views: 1.4ms | ActiveRecord: 0.0ms | Allocations: 2182)


Processing by LogTestController#log_messages as HTML
Completed 200 OK in 3ms (Views: 1.1ms | ActiveRecord: 0.0ms | Allocations: 146)


Processing by LogTestController#log_messages as HTML
Completed 200 OK in 4ms (Views: 1.7ms | ActiveRecord: 0.0ms | Allocations: 2233)


Processing by LogTestController#log_messages as HTML
Completed 200 OK in 1ms (Views: 0.2ms | ActiveRecord: 0.0ms | Allocations: 190)


Processing by LogTestController#log_messages as HTML
Completed 200 OK in 2ms (Views: 0.8ms | ActiveRecord: 0.0ms | Allocations: 190)


Processing by LogTestController#log_messages as HTML
Completed 200 OK in 5ms (Views: 1.8ms | ActiveRecord: 0.0ms | Allocations: 2251)


Processing by LogTestController#log_messages as HTML
Completed 200 OK in 5ms (Views: 2.0ms | ActiveRecord: 0.0ms | Allocations: 198)


Processing by LogTestController#log_messages as HTML
Completed 200 OK in 4ms (Views: 1.5ms | ActiveRecord: 0.0ms | Allocations: 2191)


Processing by LogTestController#log_messages as HTML
Completed 200 OK in 2ms (Views: 0.5ms | ActiveRecord: 0.0ms | Allocations: 151)


Processing by LogTestController#log_messages as HTML
Completed 200 OK in 1ms (Views: 0.3ms | ActiveRecord: 0.0ms | Allocations: 151)


Processing by LogTestController#log_messages as HTML
Completed 200 OK in 4ms (Views: 1.6ms | ActiveRecord: 0.0ms | Allocations: 2191)


Processing by LogTestController#log_messages as HTML
Completed 200 OK in 1ms (Views: 0.4ms | ActiveRecord: 0.0ms | Allocations: 151)


Processing by LogTestController#log_messages as HTML
Completed 200 OK in 4ms (Views: 1.7ms | ActiveRecord: 0.0ms | Allocations: 2199)


Processing by LogTestController#log_messages as HTML
Completed 200 OK in 4ms (Views: 1.8ms | ActiveRecord: 0.0ms | Allocations: 2184)


Processing by LogTestController#log_messages as HTML
Completed 200 OK in 3ms (Views: 0.9ms | ActiveRecord: 0.0ms | Allocations: 144)


Processing by LogTestController#log_messages as HTML
Completed 200 OK in 6ms (Views: 0.7ms | ActiveRecord: 0.0ms | Allocations: 144)


Processing by LogTestController#log_messages as HTML
Completed 200 OK in 4ms (Views: 1.6ms | ActiveRecord: 0.0ms | Allocations: 2184)


Processing by LogTestController#log_messages as HTML
Completed 200 OK in 2ms (Views: 0.7ms | ActiveRecord: 0.0ms | Allocations: 144)


Processing by LogTestController#log_messages as HTML
Completed 200 OK in 4ms (Views: 1.5ms | ActiveRecord: 0.0ms | Allocations: 2191)


Processing by LogTestController#log_messages as HTML
Completed 200 OK in 1ms (Views: 0.5ms | ActiveRecord: 0.0ms | Allocations: 151)


Started GET "/log_test/log_messages" for 127.0.0.1 at 2024-01-07 16:41:33 +0100
Processing by LogTestController#log_messages as HTML
[DEBUG] This is a debug message from the controller.
[INFO] This is an info message from the controller.
[WARN] This is a warning message from the controller.
[ERROR] This is an error message from the controller.
[FATAL] This is a fatal error message from the controller.
This is an info message from the controller.
  Rendering text template
  Rendered text template (Duration: 0.0ms | Allocations: 10)
Completed 200 OK in 4ms (Views: 1.8ms | ActiveRecord: 0.0ms | Allocations: 2272)


Started GET "/log_test/log_messages" for 127.0.0.1 at 2024-01-07 16:41:46 +0100
Processing by LogTestController#log_messages as HTML
[DEBUG] This is a debug message from the controller.
[INFO] This is an info message from the controller.
[WARN] This is a warning message from the controller.
[ERROR] This is an error message from the controller.
[FATAL] This is a fatal error message from the controller.
This is an info message from the controller.
  Rendering text template
  Rendered text template (Duration: 0.0ms | Allocations: 5)
Completed 200 OK in 2ms (Views: 0.8ms | ActiveRecord: 0.0ms | Allocations: 230)


Started GET "/log_test/log_messages" for 127.0.0.1 at 2024-01-07 16:43:29 +0100
Processing by LogTestController#log_messages as HTML
[DEBUG] This is a debug message from the controller.
[INFO] This is an info message from the controller.
[WARN] This is a warning message from the controller.
[ERROR] This is an error message from the controller.
[FATAL] This is a fatal error message from the controller.
This is an info message from the controller.
  Rendering text template
  Rendered text template (Duration: 0.0ms | Allocations: 10)
Completed 200 OK in 4ms (Views: 1.4ms | ActiveRecord: 0.0ms | Allocations: 2272)


Started GET "/log_test/log_messages" for 127.0.0.1 at 2024-01-07 16:43:31 +0100
Processing by LogTestController#log_messages as HTML
[DEBUG] This is a debug message from the controller.
[INFO] This is an info message from the controller.
[WARN] This is a warning message from the controller.
[ERROR] This is an error message from the controller.
[FATAL] This is a fatal error message from the controller.
This is an info message from the controller.
  Rendering text template
  Rendered text template (Duration: 0.0ms | Allocations: 5)
Completed 200 OK in 3ms (Views: 0.8ms | ActiveRecord: 0.0ms | Allocations: 230)


Started GET "/log_test/log_messages" for 127.0.0.1 at 2024-01-07 16:45:18 +0100
Processing by LogTestController#log_messages as HTML
[DEBUG] This is a debug message from the controller.
[INFO] This is an info message from the controller.
[WARN] This is a warning message from the controller.
[ERROR] This is an error message from the controller.
[FATAL] This is a fatal error message from the controller.
This is an info message from the controller.
  Rendering text template
  Rendered text template (Duration: 0.0ms | Allocations: 10)
Completed 200 OK in 4ms (Views: 1.7ms | ActiveRecord: 0.0ms | Allocations: 2272)


Started GET "/log_test/log_messages" for 127.0.0.1 at 2024-01-07 16:45:20 +0100
Processing by LogTestController#log_messages as HTML
[DEBUG] This is a debug message from the controller.
[INFO] This is an info message from the controller.
[WARN] This is a warning message from the controller.
[ERROR] This is an error message from the controller.
[FATAL] This is a fatal error message from the controller.
This is an info message from the controller.
  Rendering text template
  Rendered text template (Duration: 0.0ms | Allocations: 5)
Completed 200 OK in 2ms (Views: 0.6ms | ActiveRecord: 0.0ms | Allocations: 230)


Started GET "/log_test/log_messages" for 127.0.0.1 at 2024-01-07 17:09:42 +0100
Processing by LogTestController#log_messages as HTML
[DEBUG] This is a debug message from the controller.
[INFO] This is an info message from the controller.
[WARN] This is a warning message from the controller.
[ERROR] This is an error message from the controller.
[FATAL] This is a fatal error message from the controller.
This is an info message from the controller.
  Rendering text template
  Rendered text template (Duration: 0.0ms | Allocations: 10)
Completed 200 OK in 4ms (Views: 1.6ms | ActiveRecord: 0.0ms | Allocations: 2272)


Event triggered in some part of your code.
Started GET "/log_test/log_messages" for 127.0.0.1 at 2024-01-07 17:19:28 +0100
Processing by LogTestController#log_messages as HTML
[DEBUG] This is a debug message from the controller.
[INFO] This is an info message from the controller.
[WARN] This is a warning message from the controller.
[ERROR] This is an error message from the controller.
[FATAL] This is a fatal error message from the controller.
This is an info message from the controller.
  Rendering text template
  Rendered text template (Duration: 0.0ms | Allocations: 10)
Completed 200 OK in 4ms (Views: 1.6ms | ActiveRecord: 0.0ms | Allocations: 2270)


Event triggered in some part of your code.
Started GET "/log_test/log_messages" for 127.0.0.1 at 2024-01-07 17:23:54 +0100
Processing by LogTestController#log_messages as HTML
[DEBUG] This is a debug message from the controller.
[INFO] This is an info message from the controller.
[WARN] This is a warning message from the controller.
[ERROR] This is an error message from the controller.
[FATAL] This is a fatal error message from the controller.
This is an info message from the controller.
  Rendering text template
  Rendered text template (Duration: 0.0ms | Allocations: 10)
Completed 200 OK in 5ms (Views: 1.8ms | ActiveRecord: 0.0ms | Allocations: 2270)


Event triggered in some part of your code.
Event triggered in some part of your code.
Event triggered in some part of your code.
Event triggered in some part of your code.
Event triggered in some part of your code.
Event triggered in some part of your code.
Event triggered in some part of your code.
Event triggered in some part of your code.
Started GET "/" for 127.0.0.1 at 2024-01-12 20:36:10 +0100
Processing by Rails::WelcomeController#index as HTML
  Rendering /Users/olegten/.rvm/gems/ruby-3.2.0/gems/railties-7.0.8/lib/rails/templates/rails/welcome/index.html.erb
  Rendered /Users/olegten/.rvm/gems/ruby-3.2.0/gems/railties-7.0.8/lib/rails/templates/rails/welcome/index.html.erb (Duration: 1.4ms | Allocations: 489)
Completed 200 OK in 10ms (Views: 3.3ms | ActiveRecord: 0.0ms | Allocations: 4210)


Started GET "/log_test/log_messages" for 127.0.0.1 at 2024-01-12 20:36:14 +0100
Processing by LogTestController#log_messages as HTML
[DEBUG] This is a debug message from the controller.
[INFO] This is an info message from the controller.
[WARN] This is a warning message from the controller.
[ERROR] This is an error message from the controller.
[FATAL] This is a fatal error message from the controller.
This is an info message from the controller.
  Rendering text template
  Rendered text template (Duration: 0.0ms | Allocations: 7)
Completed 200 OK in 3ms (Views: 1.7ms | ActiveRecord: 0.0ms | Allocations: 652)


Started GET "/log_test/log_messages" for 127.0.0.1 at 2024-01-12 20:38:06 +0100
Processing by LogTestController#log_messages as HTML
[DEBUG] This is a debug message from the controller.
[INFO] This is an info message from the controller.
[WARN] This is a warning message from the controller.
[ERROR] This is an error message from the controller.
[FATAL] This is a fatal error message from the controller.
This is an info message from the controller.
  Rendering text template
  Rendered text template (Duration: 0.0ms | Allocations: 10)
Completed 200 OK in 5ms (Views: 2.1ms | ActiveRecord: 0.0ms | Allocations: 2272)


Started GET "/log_test/log_messages" for 127.0.0.1 at 2024-01-12 20:43:12 +0100
Processing by LogTestController#log_messages as HTML
[DEBUG] This is a debug message from the controller.
[INFO] This is an info message from the controller.
[WARN] This is a warning message from the controller.
[ERROR] This is an error message from the controller.
[FATAL] This is a fatal error message from the controller.
This is an info message from the controller.
  Rendering text template
  Rendered text template (Duration: 0.0ms | Allocations: 10)
Completed 200 OK in 6ms (Views: 2.4ms | ActiveRecord: 0.0ms | Allocations: 2283)


Started GET "/log_test/log_messages" for 127.0.0.1 at 2024-01-12 20:43:13 +0100
Processing by LogTestController#log_messages as HTML
[DEBUG] This is a debug message from the controller.
[INFO] This is an info message from the controller.
[WARN] This is a warning message from the controller.
[ERROR] This is an error message from the controller.
[FATAL] This is a fatal error message from the controller.
This is an info message from the controller.
  Rendering text template
  Rendered text template (Duration: 0.0ms | Allocations: 5)
Completed 200 OK in 2ms (Views: 0.5ms | ActiveRecord: 0.0ms | Allocations: 239)


Started GET "/log_test/log_messages" for 127.0.0.1 at 2024-01-12 20:47:50 +0100
Processing by LogTestController#log_messages as HTML
[DEBUG] This is a debug message from the controller.
[INFO] This is an info message from the controller.
[WARN] This is a warning message from the controller.
[ERROR] This is an error message from the controller.
[FATAL] This is a fatal error message from the controller.
This is an info message from the controller.
  Rendering text template
  Rendered text template (Duration: 0.0ms | Allocations: 10)
Completed 200 OK in 6ms (Views: 2.2ms | ActiveRecord: 0.0ms | Allocations: 2293)


Started GET "/" for 127.0.0.1 at 2024-01-12 20:47:52 +0100
Processing by Rails::WelcomeController#index as HTML
  Rendering /Users/olegten/.rvm/gems/ruby-3.2.0/gems/railties-7.0.8/lib/rails/templates/rails/welcome/index.html.erb
  Rendered /Users/olegten/.rvm/gems/ruby-3.2.0/gems/railties-7.0.8/lib/rails/templates/rails/welcome/index.html.erb (Duration: 3.1ms | Allocations: 483)
Completed 200 OK in 15ms (Views: 4.7ms | ActiveRecord: 0.0ms | Allocations: 2580)


Started GET "/log_test/log_messages" for 127.0.0.1 at 2024-01-12 20:49:52 +0100
Processing by LogTestController#log_messages as HTML
[DEBUG] This is a debug message from the controller.
[INFO] This is an info message from the controller.
[WARN] This is a warning message from the controller.
[ERROR] This is an error message from the controller.
[FATAL] This is a fatal error message from the controller.
This is an info message from the controller.
  Rendering text template
  Rendered text template (Duration: 0.0ms | Allocations: 10)
Completed 200 OK in 5ms (Views: 2.2ms | ActiveRecord: 0.0ms | Allocations: 2283)


Started GET "/" for 127.0.0.1 at 2024-01-12 20:49:54 +0100
Processing by Rails::WelcomeController#index as HTML
  Rendering /Users/olegten/.rvm/gems/ruby-3.2.0/gems/railties-7.0.8/lib/rails/templates/rails/welcome/index.html.erb
  Rendered /Users/olegten/.rvm/gems/ruby-3.2.0/gems/railties-7.0.8/lib/rails/templates/rails/welcome/index.html.erb (Duration: 2.7ms | Allocations: 483)
Completed 200 OK in 14ms (Views: 4.2ms | ActiveRecord: 0.0ms | Allocations: 2580)


Started GET "/" for 127.0.0.1 at 2024-01-12 20:49:54 +0100
Processing by Rails::WelcomeController#index as HTML
  Rendering /Users/olegten/.rvm/gems/ruby-3.2.0/gems/railties-7.0.8/lib/rails/templates/rails/welcome/index.html.erb
  Rendered /Users/olegten/.rvm/gems/ruby-3.2.0/gems/railties-7.0.8/lib/rails/templates/rails/welcome/index.html.erb (Duration: 1.7ms | Allocations: 272)
Completed 200 OK in 6ms (Views: 3.7ms | ActiveRecord: 0.0ms | Allocations: 913)


Started GET "/log_test/log_messages" for 127.0.0.1 at 2024-01-12 20:49:55 +0100
Processing by LogTestController#log_messages as HTML
[DEBUG] This is a debug message from the controller.
[INFO] This is an info message from the controller.
[WARN] This is a warning message from the controller.
[ERROR] This is an error message from the controller.
[FATAL] This is a fatal error message from the controller.
This is an info message from the controller.
  Rendering text template
  Rendered text template (Duration: 0.0ms | Allocations: 5)
Completed 200 OK in 5ms (Views: 2.9ms | ActiveRecord: 0.0ms | Allocations: 416)


Started GET "/log_test/log_messages" for 127.0.0.1 at 2024-01-12 20:49:56 +0100
Processing by LogTestController#log_messages as HTML
[DEBUG] This is a debug message from the controller.
[INFO] This is an info message from the controller.
[WARN] This is a warning message from the controller.
[ERROR] This is an error message from the controller.
[FATAL] This is a fatal error message from the controller.
This is an info message from the controller.
  Rendering text template
  Rendered text template (Duration: 0.0ms | Allocations: 4)
Completed 200 OK in 1ms (Views: 0.5ms | ActiveRecord: 0.0ms | Allocations: 239)


Started GET "/en" for 127.0.0.1 at 2024-01-12 21:28:24 +0100
  
ActionController::RoutingError (No route matches [GET] "/en"):
  
Started GET "/" for 127.0.0.1 at 2024-01-12 21:28:27 +0100
Processing by Rails::WelcomeController#index as HTML
  Rendering /Users/olegten/.rvm/gems/ruby-3.2.0/gems/railties-7.0.8/lib/rails/templates/rails/welcome/index.html.erb
  Rendered /Users/olegten/.rvm/gems/ruby-3.2.0/gems/railties-7.0.8/lib/rails/templates/rails/welcome/index.html.erb (Duration: 1.7ms | Allocations: 281)
Completed 200 OK in 11ms (Views: 3.9ms | ActiveRecord: 0.0ms | Allocations: 2227)


Started GET "/log_test/log_messages" for 127.0.0.1 at 2024-01-12 21:28:30 +0100
Processing by LogTestController#log_messages as HTML
[DEBUG] This is a debug message from the controller.
[INFO] This is an info message from the controller.
[WARN] This is a warning message from the controller.
[ERROR] This is an error message from the controller.
[FATAL] This is a fatal error message from the controller.
This is an info message from the controller.
  Rendering text template
  Rendered text template (Duration: 1.6ms | Allocations: 7)
Completed 200 OK in 5ms (Views: 3.1ms | ActiveRecord: 0.0ms | Allocations: 651)


Started GET "/log_test/log_messages" for 127.0.0.1 at 2024-01-12 21:28:32 +0100
Processing by LogTestController#log_messages as HTML
[DEBUG] This is a debug message from the controller.
[INFO] This is an info message from the controller.
[WARN] This is a warning message from the controller.
[ERROR] This is an error message from the controller.
[FATAL] This is a fatal error message from the controller.
This is an info message from the controller.
  Rendering text template
  Rendered text template (Duration: 0.1ms | Allocations: 4)
Completed 200 OK in 1ms (Views: 0.6ms | ActiveRecord: 0.0ms | Allocations: 232)


Started GET "/log_test/log_messages" for 127.0.0.1 at 2024-01-12 21:29:18 +0100
Processing by LogTestController#log_messages as HTML
[DEBUG] This is a debug message from the controller.
[INFO] This is an info message from the controller.
[WARN] This is a warning message from the controller.
[ERROR] This is an error message from the controller.
[FATAL] This is a fatal error message from the controller.
This is an info message from the controller.
  Rendering text template
  Rendered text template (Duration: 0.0ms | Allocations: 5)
Completed 200 OK in 5ms (Views: 2.6ms | ActiveRecord: 0.0ms | Allocations: 231)


Started GET "/log_test/log_messages" for 127.0.0.1 at 2024-01-12 21:29:19 +0100
Processing by LogTestController#log_messages as HTML
[DEBUG] This is a debug message from the controller.
[INFO] This is an info message from the controller.
[WARN] This is a warning message from the controller.
[ERROR] This is an error message from the controller.
[FATAL] This is a fatal error message from the controller.
This is an info message from the controller.
  Rendering text template
  Rendered text template (Duration: 0.0ms | Allocations: 4)
Completed 200 OK in 2ms (Views: 0.5ms | ActiveRecord: 0.0ms | Allocations: 230)


Started GET "/" for 127.0.0.1 at 2024-01-12 21:29:20 +0100
Processing by Rails::WelcomeController#index as HTML
  Rendering /Users/olegten/.rvm/gems/ruby-3.2.0/gems/railties-7.0.8/lib/rails/templates/rails/welcome/index.html.erb
  Rendered /Users/olegten/.rvm/gems/ruby-3.2.0/gems/railties-7.0.8/lib/rails/templates/rails/welcome/index.html.erb (Duration: 1.9ms | Allocations: 275)
Completed 200 OK in 10ms (Views: 4.3ms | ActiveRecord: 0.0ms | Allocations: 885)


Started GET "/" for 127.0.0.1 at 2024-01-12 21:29:21 +0100
Processing by Rails::WelcomeController#index as HTML
  Rendering /Users/olegten/.rvm/gems/ruby-3.2.0/gems/railties-7.0.8/lib/rails/templates/rails/welcome/index.html.erb
  Rendered /Users/olegten/.rvm/gems/ruby-3.2.0/gems/railties-7.0.8/lib/rails/templates/rails/welcome/index.html.erb (Duration: 0.2ms | Allocations: 13)
Completed 200 OK in 5ms (Views: 3.3ms | ActiveRecord: 0.0ms | Allocations: 212)


Started GET "/en" for ::1 at 2024-01-12 21:30:32 +0100
  
ActionController::RoutingError (No route matches [GET] "/en"):
  
Started GET "/en/" for ::1 at 2024-01-12 21:30:36 +0100
  
ActionController::RoutingError (No route matches [GET] "/en"):
  
Started GET "/en/" for ::1 at 2024-01-12 21:30:38 +0100
  
ActionController::RoutingError (No route matches [GET] "/en"):
  
Started GET "/en/to_do" for ::1 at 2024-01-12 21:30:39 +0100
  
ActionController::RoutingError (No route matches [GET] "/en/to_do"):
  
Started POST "/ahoy/events" for ::1 at 2024-01-12 21:30:40 +0100
  
ActionController::RoutingError (No route matches [POST] "/ahoy/events"):
  
Started GET "/" for 127.0.0.1 at 2024-01-14 02:06:44 +0100
Processing by Rails::WelcomeController#index as HTML
  Rendering /Users/olegten/.rvm/gems/ruby-3.2.0/gems/railties-7.0.8/lib/rails/templates/rails/welcome/index.html.erb
  Rendered /Users/olegten/.rvm/gems/ruby-3.2.0/gems/railties-7.0.8/lib/rails/templates/rails/welcome/index.html.erb (Duration: 1.6ms | Allocations: 489)
Completed 200 OK in 11ms (Views: 3.5ms | ActiveRecord: 0.0ms | Allocations: 4209)


Started GET "/log_test/log_messages" for 127.0.0.1 at 2024-01-14 02:06:48 +0100
Processing by LogTestController#log_messages as HTML
[DEBUG] This is a debug message from the controller.
[INFO] This is an info message from the controller.
[WARN] This is a warning message from the controller.
[ERROR] This is an error message from the controller.
[FATAL] This is a fatal error message from the controller.
This is an info message from the controller.
  Rendering text template
  Rendered text template (Duration: 0.1ms | Allocations: 7)
Completed 200 OK in 2ms (Views: 1.3ms | ActiveRecord: 0.0ms | Allocations: 652)


Started GET "/log_test/log_messages" for 127.0.0.1 at 2024-01-14 02:06:51 +0100
Processing by LogTestController#log_messages as HTML
[DEBUG] This is a debug message from the controller.
[INFO] This is an info message from the controller.
[WARN] This is a warning message from the controller.
[ERROR] This is an error message from the controller.
[FATAL] This is a fatal error message from the controller.
This is an info message from the controller.
  Rendering text template
  Rendered text template (Duration: 0.0ms | Allocations: 5)
Completed 200 OK in 1ms (Views: 0.4ms | ActiveRecord: 0.0ms | Allocations: 230)


Started GET "/log_test/log_messages" for 127.0.0.1 at 2024-01-14 02:07:23 +0100
Processing by LogTestController#log_messages as HTML
[DEBUG] This is a debug message from the controller.
[INFO] This is an info message from the controller.
[WARN] This is a warning message from the controller.
[ERROR] This is an error message from the controller.
[FATAL] This is a fatal error message from the controller.
This is an info message from the controller.
  Rendering text template
  Rendered text template (Duration: 0.0ms | Allocations: 4)
Completed 200 OK in 3ms (Views: 1.0ms | ActiveRecord: 0.0ms | Allocations: 229)


Started GET "/log_test/log_messages" for 127.0.0.1 at 2024-01-14 02:07:25 +0100
Processing by LogTestController#log_messages as HTML
[DEBUG] This is a debug message from the controller.
[INFO] This is an info message from the controller.
[WARN] This is a warning message from the controller.
[ERROR] This is an error message from the controller.
[FATAL] This is a fatal error message from the controller.
This is an info message from the controller.
  Rendering text template
  Rendered text template (Duration: 0.0ms | Allocations: 5)
Completed 200 OK in 2ms (Views: 0.5ms | ActiveRecord: 0.0ms | Allocations: 230)


Started GET "/log_test/log_messages" for 127.0.0.1 at 2024-01-14 02:07:34 +0100
Processing by LogTestController#log_messages as HTML
[DEBUG] This is a debug message from the controller.
[INFO] This is an info message from the controller.
[WARN] This is a warning message from the controller.
[ERROR] This is an error message from the controller.
[FATAL] This is a fatal error message from the controller.
This is an info message from the controller.
  Rendering text template
  Rendered text template (Duration: 0.0ms | Allocations: 4)
Completed 200 OK in 3ms (Views: 1.0ms | ActiveRecord: 0.0ms | Allocations: 229)


Started GET "/log_test/log_messages" for 127.0.0.1 at 2024-01-14 02:08:13 +0100
Processing by LogTestController#log_messages as HTML
[DEBUG] This is a debug message from the controller.
[INFO] This is an info message from the controller.
[WARN] This is a warning message from the controller.
[ERROR] This is an error message from the controller.
[FATAL] This is a fatal error message from the controller.
This is an info message from the controller.
  Rendering text template
  Rendered text template (Duration: 0.0ms | Allocations: 10)
Completed 200 OK in 6ms (Views: 2.3ms | ActiveRecord: 0.0ms | Allocations: 2281)


Started GET "/log_test/log_messages" for 127.0.0.1 at 2024-01-14 02:08:14 +0100
Processing by LogTestController#log_messages as HTML
[DEBUG] This is a debug message from the controller.
[INFO] This is an info message from the controller.
[WARN] This is a warning message from the controller.
[ERROR] This is an error message from the controller.
[FATAL] This is a fatal error message from the controller.
This is an info message from the controller.
  Rendering text template
  Rendered text template (Duration: 0.0ms | Allocations: 5)
Completed 200 OK in 1ms (Views: 0.2ms | ActiveRecord: 0.0ms | Allocations: 237)


Started GET "/" for 127.0.0.1 at 2024-01-14 02:08:15 +0100
Processing by Rails::WelcomeController#index as HTML
  Rendering /Users/olegten/.rvm/gems/ruby-3.2.0/gems/railties-7.0.8/lib/rails/templates/rails/welcome/index.html.erb
  Rendered /Users/olegten/.rvm/gems/ruby-3.2.0/gems/railties-7.0.8/lib/rails/templates/rails/welcome/index.html.erb (Duration: 2.8ms | Allocations: 483)
Completed 200 OK in 15ms (Views: 4.4ms | ActiveRecord: 0.0ms | Allocations: 2577)


Started GET "/log_test/log_messages" for 127.0.0.1 at 2024-01-14 02:08:18 +0100
Processing by LogTestController#log_messages as HTML
[DEBUG] This is a debug message from the controller.
[INFO] This is an info message from the controller.
[WARN] This is a warning message from the controller.
[ERROR] This is an error message from the controller.
[FATAL] This is a fatal error message from the controller.
This is an info message from the controller.
  Rendering text template
  Rendered text template (Duration: 0.0ms | Allocations: 5)
Completed 200 OK in 3ms (Views: 1.9ms | ActiveRecord: 0.0ms | Allocations: 438)


Started GET "/" for 127.0.0.1 at 2024-01-14 02:10:50 +0100
Processing by Rails::WelcomeController#index as HTML
  Rendering /Users/olegten/.rvm/gems/ruby-3.2.0/gems/railties-7.0.8/lib/rails/templates/rails/welcome/index.html.erb
  Rendered /Users/olegten/.rvm/gems/ruby-3.2.0/gems/railties-7.0.8/lib/rails/templates/rails/welcome/index.html.erb (Duration: 2.6ms | Allocations: 272)
Completed 200 OK in 13ms (Views: 8.6ms | ActiveRecord: 0.0ms | Allocations: 887)


Started GET "/" for 127.0.0.1 at 2024-01-14 02:10:51 +0100
Processing by Rails::WelcomeController#index as HTML
  Rendering /Users/olegten/.rvm/gems/ruby-3.2.0/gems/railties-7.0.8/lib/rails/templates/rails/welcome/index.html.erb
  Rendered /Users/olegten/.rvm/gems/ruby-3.2.0/gems/railties-7.0.8/lib/rails/templates/rails/welcome/index.html.erb (Duration: 0.2ms | Allocations: 13)
Completed 200 OK in 3ms (Views: 1.9ms | ActiveRecord: 0.0ms | Allocations: 221)


Started GET "/" for 127.0.0.1 at 2024-01-14 02:10:51 +0100
Processing by Rails::WelcomeController#index as HTML
  Rendering /Users/olegten/.rvm/gems/ruby-3.2.0/gems/railties-7.0.8/lib/rails/templates/rails/welcome/index.html.erb
  Rendered /Users/olegten/.rvm/gems/ruby-3.2.0/gems/railties-7.0.8/lib/rails/templates/rails/welcome/index.html.erb (Duration: 0.4ms | Allocations: 13)
Completed 200 OK in 2ms (Views: 1.3ms | ActiveRecord: 0.0ms | Allocations: 217)


Started GET "/" for 127.0.0.1 at 2024-01-14 02:10:52 +0100
Processing by Rails::WelcomeController#index as HTML
  Rendering /Users/olegten/.rvm/gems/ruby-3.2.0/gems/railties-7.0.8/lib/rails/templates/rails/welcome/index.html.erb
  Rendered /Users/olegten/.rvm/gems/ruby-3.2.0/gems/railties-7.0.8/lib/rails/templates/rails/welcome/index.html.erb (Duration: 0.2ms | Allocations: 13)
Completed 200 OK in 2ms (Views: 1.2ms | ActiveRecord: 0.0ms | Allocations: 219)


Started GET "/" for 127.0.0.1 at 2024-01-14 02:10:53 +0100
Processing by Rails::WelcomeController#index as HTML
  Rendering /Users/olegten/.rvm/gems/ruby-3.2.0/gems/railties-7.0.8/lib/rails/templates/rails/welcome/index.html.erb
  Rendered /Users/olegten/.rvm/gems/ruby-3.2.0/gems/railties-7.0.8/lib/rails/templates/rails/welcome/index.html.erb (Duration: 0.1ms | Allocations: 13)
Completed 200 OK in 1ms (Views: 0.6ms | ActiveRecord: 0.0ms | Allocations: 217)


Started GET "/" for 127.0.0.1 at 2024-01-14 02:10:53 +0100
Processing by Rails::WelcomeController#index as HTML
  Rendering /Users/olegten/.rvm/gems/ruby-3.2.0/gems/railties-7.0.8/lib/rails/templates/rails/welcome/index.html.erb
  Rendered /Users/olegten/.rvm/gems/ruby-3.2.0/gems/railties-7.0.8/lib/rails/templates/rails/welcome/index.html.erb (Duration: 0.1ms | Allocations: 13)
Completed 200 OK in 2ms (Views: 0.8ms | ActiveRecord: 0.0ms | Allocations: 217)


Started GET "/" for 127.0.0.1 at 2024-01-14 02:10:53 +0100
Processing by Rails::WelcomeController#index as HTML
  Rendering /Users/olegten/.rvm/gems/ruby-3.2.0/gems/railties-7.0.8/lib/rails/templates/rails/welcome/index.html.erb
  Rendered /Users/olegten/.rvm/gems/ruby-3.2.0/gems/railties-7.0.8/lib/rails/templates/rails/welcome/index.html.erb (Duration: 0.1ms | Allocations: 13)
Completed 200 OK in 1ms (Views: 0.5ms | ActiveRecord: 0.0ms | Allocations: 217)


Started GET "/log_test/log_messages" for 127.0.0.1 at 2024-01-14 02:11:49 +0100
Processing by LogTestController#log_messages as HTML
[DEBUG] This is a debug message from the controller.
[INFO] This is an info message from the controller.
[WARN] This is a warning message from the controller.
[ERROR] This is an error message from the controller.
[FATAL] This is a fatal error message from the controller.
This is an info message from the controller.
  Rendering text template
  Rendered text template (Duration: 0.0ms | Allocations: 4)
Completed 200 OK in 2ms (Views: 0.5ms | ActiveRecord: 0.0ms | Allocations: 238)


Started GET "/log_test/log_messages" for 127.0.0.1 at 2024-01-14 02:17:36 +0100
Processing by LogTestController#log_messages as HTML
[DEBUG] This is a debug message from the controller.
[INFO] This is an info message from the controller.
[WARN] This is a warning message from the controller.
[ERROR] This is an error message from the controller.
[FATAL] This is a fatal error message from the controller.
This is an info message from the controller.
  Rendering text template
  Rendered text template (Duration: 0.0ms | Allocations: 10)
Completed 200 OK in 6ms (Views: 2.5ms | ActiveRecord: 0.0ms | Allocations: 2281)


Started GET "/" for 127.0.0.1 at 2024-01-14 02:17:37 +0100
Processing by Rails::WelcomeController#index as HTML
  Rendering /Users/olegten/.rvm/gems/ruby-3.2.0/gems/railties-7.0.8/lib/rails/templates/rails/welcome/index.html.erb
  Rendered /Users/olegten/.rvm/gems/ruby-3.2.0/gems/railties-7.0.8/lib/rails/templates/rails/welcome/index.html.erb (Duration: 1.8ms | Allocations: 483)
Completed 200 OK in 33ms (Views: 6.3ms | ActiveRecord: 0.0ms | Allocations: 2577)


Started GET "/log_test/log_messages" for 127.0.0.1 at 2024-01-14 02:17:39 +0100
Processing by LogTestController#log_messages as HTML
[DEBUG] This is a debug message from the controller.
[INFO] This is an info message from the controller.
[WARN] This is a warning message from the controller.
[ERROR] This is an error message from the controller.
[FATAL] This is a fatal error message from the controller.
This is an info message from the controller.
  Rendering text template
  Rendered text template (Duration: 0.0ms | Allocations: 5)
Completed 200 OK in 2ms (Views: 1.6ms | ActiveRecord: 0.0ms | Allocations: 438)


Started GET "/en" for ::1 at 2024-01-14 02:17:58 +0100
  
ActionController::RoutingError (No route matches [GET] "/en"):
  
Started GET "/log_test/log_messages" for 127.0.0.1 at 2024-01-14 02:22:21 +0100
Processing by LogTestController#log_messages as HTML
[DEBUG] This is a debug message from the controller.
[INFO] This is an info message from the controller.
[WARN] This is a warning message from the controller.
[ERROR] This is an error message from the controller.
[FATAL] This is a fatal error message from the controller.
This is an info message from the controller.
  Rendering text template
  Rendered text template (Duration: 0.0ms | Allocations: 10)
Completed 200 OK in 7ms (Views: 2.0ms | ActiveRecord: 0.0ms | Allocations: 2285)


Started GET "/" for 127.0.0.1 at 2024-01-14 02:22:23 +0100
Processing by Rails::WelcomeController#index as HTML
  Rendering /Users/olegten/.rvm/gems/ruby-3.2.0/gems/railties-7.0.8/lib/rails/templates/rails/welcome/index.html.erb
  Rendered /Users/olegten/.rvm/gems/ruby-3.2.0/gems/railties-7.0.8/lib/rails/templates/rails/welcome/index.html.erb (Duration: 2.9ms | Allocations: 483)
Completed 200 OK in 13ms (Views: 4.7ms | ActiveRecord: 0.0ms | Allocations: 2580)


Started GET "/" for 127.0.0.1 at 2024-01-14 02:23:26 +0100
Processing by Rails::WelcomeController#index as HTML
  Rendering /Users/olegten/.rvm/gems/ruby-3.2.0/gems/railties-7.0.8/lib/rails/templates/rails/welcome/index.html.erb
  Rendered /Users/olegten/.rvm/gems/ruby-3.2.0/gems/railties-7.0.8/lib/rails/templates/rails/welcome/index.html.erb (Duration: 1.4ms | Allocations: 489)
Completed 200 OK in 10ms (Views: 3.0ms | ActiveRecord: 0.0ms | Allocations: 4222)


Started GET "/" for 127.0.0.1 at 2024-01-14 02:24:29 +0100
Processing by Rails::WelcomeController#index as HTML
  Rendering /Users/olegten/.rvm/gems/ruby-3.2.0/gems/railties-7.0.8/lib/rails/templates/rails/welcome/index.html.erb
  Rendered /Users/olegten/.rvm/gems/ruby-3.2.0/gems/railties-7.0.8/lib/rails/templates/rails/welcome/index.html.erb (Duration: 1.3ms | Allocations: 489)
Completed 200 OK in 10ms (Views: 3.2ms | ActiveRecord: 0.0ms | Allocations: 4224)


Started GET "/" for 127.0.0.1 at 2024-01-14 02:24:30 +0100
Processing by Rails::WelcomeController#index as HTML
  Rendering /Users/olegten/.rvm/gems/ruby-3.2.0/gems/railties-7.0.8/lib/rails/templates/rails/welcome/index.html.erb
  Rendered /Users/olegten/.rvm/gems/ruby-3.2.0/gems/railties-7.0.8/lib/rails/templates/rails/welcome/index.html.erb (Duration: 1.4ms | Allocations: 272)
Completed 200 OK in 5ms (Views: 3.2ms | ActiveRecord: 0.0ms | Allocations: 916)


Started GET "/" for 127.0.0.1 at 2024-01-14 02:24:57 +0100
Processing by Rails::WelcomeController#index as HTML
  Rendering /Users/olegten/.rvm/gems/ruby-3.2.0/gems/railties-7.0.8/lib/rails/templates/rails/welcome/index.html.erb
  Rendered /Users/olegten/.rvm/gems/ruby-3.2.0/gems/railties-7.0.8/lib/rails/templates/rails/welcome/index.html.erb (Duration: 1.5ms | Allocations: 489)
Completed 200 OK in 12ms (Views: 3.3ms | ActiveRecord: 0.0ms | Allocations: 4224)


Started GET "/" for 127.0.0.1 at 2024-01-14 02:24:58 +0100
Processing by Rails::WelcomeController#index as HTML
  Rendering /Users/olegten/.rvm/gems/ruby-3.2.0/gems/railties-7.0.8/lib/rails/templates/rails/welcome/index.html.erb
  Rendered /Users/olegten/.rvm/gems/ruby-3.2.0/gems/railties-7.0.8/lib/rails/templates/rails/welcome/index.html.erb (Duration: 1.2ms | Allocations: 272)
Completed 200 OK in 5ms (Views: 2.9ms | ActiveRecord: 0.0ms | Allocations: 916)


Started GET "/" for 127.0.0.1 at 2024-01-14 02:25:53 +0100
Processing by Rails::WelcomeController#index as HTML
  Rendering /Users/olegten/.rvm/gems/ruby-3.2.0/gems/railties-7.0.8/lib/rails/templates/rails/welcome/index.html.erb
  Rendered /Users/olegten/.rvm/gems/ruby-3.2.0/gems/railties-7.0.8/lib/rails/templates/rails/welcome/index.html.erb (Duration: 1.4ms | Allocations: 489)
Completed 200 OK in 11ms (Views: 3.0ms | ActiveRecord: 0.0ms | Allocations: 4224)


Started GET "/" for 127.0.0.1 at 2024-01-14 02:25:53 +0100
Processing by Rails::WelcomeController#index as HTML
  Rendering /Users/olegten/.rvm/gems/ruby-3.2.0/gems/railties-7.0.8/lib/rails/templates/rails/welcome/index.html.erb
  Rendered /Users/olegten/.rvm/gems/ruby-3.2.0/gems/railties-7.0.8/lib/rails/templates/rails/welcome/index.html.erb (Duration: 1.3ms | Allocations: 272)
Completed 200 OK in 6ms (Views: 3.8ms | ActiveRecord: 0.0ms | Allocations: 916)


Started GET "/" for 127.0.0.1 at 2024-01-14 02:27:09 +0100
Processing by Rails::WelcomeController#index as HTML
  Rendering /Users/olegten/.rvm/gems/ruby-3.2.0/gems/railties-7.0.8/lib/rails/templates/rails/welcome/index.html.erb
  Rendered /Users/olegten/.rvm/gems/ruby-3.2.0/gems/railties-7.0.8/lib/rails/templates/rails/welcome/index.html.erb (Duration: 1.5ms | Allocations: 489)
Completed 200 OK in 11ms (Views: 3.2ms | ActiveRecord: 0.0ms | Allocations: 4225)


Started GET "/" for 127.0.0.1 at 2024-01-14 02:27:10 +0100
Processing by Rails::WelcomeController#index as HTML
  Rendering /Users/olegten/.rvm/gems/ruby-3.2.0/gems/railties-7.0.8/lib/rails/templates/rails/welcome/index.html.erb
  Rendered /Users/olegten/.rvm/gems/ruby-3.2.0/gems/railties-7.0.8/lib/rails/templates/rails/welcome/index.html.erb (Duration: 1.2ms | Allocations: 272)
Completed 200 OK in 5ms (Views: 3.0ms | ActiveRecord: 0.0ms | Allocations: 916)


Started GET "/" for 127.0.0.1 at 2024-01-14 02:28:32 +0100
Processing by Rails::WelcomeController#index as HTML
  Rendering /Users/olegten/.rvm/gems/ruby-3.2.0/gems/railties-7.0.8/lib/rails/templates/rails/welcome/index.html.erb
  Rendered /Users/olegten/.rvm/gems/ruby-3.2.0/gems/railties-7.0.8/lib/rails/templates/rails/welcome/index.html.erb (Duration: 1.4ms | Allocations: 489)
Error in LogSubscriber: undefined method `send_log' for RailsLokiExporterDev::Client:Class
Completed 200 OK in 11ms (Views: 3.0ms | ActiveRecord: 0.0ms | Allocations: 4488)


Started GET "/" for 127.0.0.1 at 2024-01-14 02:28:33 +0100
Processing by Rails::WelcomeController#index as HTML
  Rendering /Users/olegten/.rvm/gems/ruby-3.2.0/gems/railties-7.0.8/lib/rails/templates/rails/welcome/index.html.erb
  Rendered /Users/olegten/.rvm/gems/ruby-3.2.0/gems/railties-7.0.8/lib/rails/templates/rails/welcome/index.html.erb (Duration: 1.2ms | Allocations: 272)
Error in LogSubscriber: undefined method `send_log' for RailsLokiExporterDev::Client:Class
Completed 200 OK in 5ms (Views: 3.0ms | ActiveRecord: 0.0ms | Allocations: 1225)


Started GET "/" for 127.0.0.1 at 2024-01-14 02:54:12 +0100
Processing by Rails::WelcomeController#index as HTML
  Rendering /Users/olegten/.rvm/gems/ruby-3.2.0/gems/railties-7.0.8/lib/rails/templates/rails/welcome/index.html.erb
  Rendered /Users/olegten/.rvm/gems/ruby-3.2.0/gems/railties-7.0.8/lib/rails/templates/rails/welcome/index.html.erb (Duration: 1.4ms | Allocations: 489)
Error in LogSubscriber: undefined method `send_log' for RailsLokiExporterDev::Client:Class
Completed 200 OK in 11ms (Views: 3.0ms | ActiveRecord: 0.0ms | Allocations: 4487)


Started GET "/" for 127.0.0.1 at 2024-01-14 02:54:14 +0100
Processing by Rails::WelcomeController#index as HTML
  Rendering /Users/olegten/.rvm/gems/ruby-3.2.0/gems/railties-7.0.8/lib/rails/templates/rails/welcome/index.html.erb
  Rendered /Users/olegten/.rvm/gems/ruby-3.2.0/gems/railties-7.0.8/lib/rails/templates/rails/welcome/index.html.erb (Duration: 1.1ms | Allocations: 272)
Error in LogSubscriber: undefined method `send_log' for RailsLokiExporterDev::Client:Class
Completed 200 OK in 5ms (Views: 2.7ms | ActiveRecord: 0.0ms | Allocations: 1225)


Started GET "/" for 127.0.0.1 at 2024-01-14 03:00:59 +0100
Processing by Rails::WelcomeController#index as HTML
  Rendering /Users/olegten/.rvm/gems/ruby-3.2.0/gems/railties-7.0.8/lib/rails/templates/rails/welcome/index.html.erb
  Rendered /Users/olegten/.rvm/gems/ruby-3.2.0/gems/railties-7.0.8/lib/rails/templates/rails/welcome/index.html.erb (Duration: 1.4ms | Allocations: 489)
Completed 200 OK in 11ms (Views: 3.1ms | ActiveRecord: 0.0ms | Allocations: 4224)


Started GET "/" for 127.0.0.1 at 2024-01-14 03:03:49 +0100
Processing by Rails::WelcomeController#index as HTML
  Rendering /Users/olegten/.rvm/gems/ruby-3.2.0/gems/railties-7.0.8/lib/rails/templates/rails/welcome/index.html.erb
  Rendered /Users/olegten/.rvm/gems/ruby-3.2.0/gems/railties-7.0.8/lib/rails/templates/rails/welcome/index.html.erb (Duration: 1.6ms | Allocations: 489)
Completed 200 OK in 12ms (Views: 3.2ms | ActiveRecord: 0.0ms | Allocations: 4224)


Started GET "/" for 127.0.0.1 at 2024-01-14 03:05:12 +0100
Processing by Rails::WelcomeController#index as HTML
  Rendering /Users/olegten/.rvm/gems/ruby-3.2.0/gems/railties-7.0.8/lib/rails/templates/rails/welcome/index.html.erb
  Rendered /Users/olegten/.rvm/gems/ruby-3.2.0/gems/railties-7.0.8/lib/rails/templates/rails/welcome/index.html.erb (Duration: 1.5ms | Allocations: 489)
Completed 200 OK in 11ms (Views: 3.1ms | ActiveRecord: 0.0ms | Allocations: 4224)


Started GET "/" for 127.0.0.1 at 2024-01-14 03:05:13 +0100
Processing by Rails::WelcomeController#index as HTML
  Rendering /Users/olegten/.rvm/gems/ruby-3.2.0/gems/railties-7.0.8/lib/rails/templates/rails/welcome/index.html.erb
  Rendered /Users/olegten/.rvm/gems/ruby-3.2.0/gems/railties-7.0.8/lib/rails/templates/rails/welcome/index.html.erb (Duration: 1.2ms | Allocations: 272)
Completed 200 OK in 5ms (Views: 3.0ms | ActiveRecord: 0.0ms | Allocations: 916)


Started GET "/en" for ::1 at 2024-01-14 12:04:55 +0100
  
ActionController::RoutingError (No route matches [GET] "/en"):
  
Started GET "/" for 127.0.0.1 at 2024-01-14 12:05:02 +0100
Processing by Rails::WelcomeController#index as HTML
  Rendering /Users/olegten/.rvm/gems/ruby-3.2.0/gems/railties-7.0.8/lib/rails/templates/rails/welcome/index.html.erb
  Rendered /Users/olegten/.rvm/gems/ruby-3.2.0/gems/railties-7.0.8/lib/rails/templates/rails/welcome/index.html.erb (Duration: 1.3ms | Allocations: 281)
Completed 200 OK in 12ms (Views: 4.0ms | ActiveRecord: 0.0ms | Allocations: 2242)


Started GET "/" for 127.0.0.1 at 2024-01-14 12:05:03 +0100
Processing by Rails::WelcomeController#index as HTML
  Rendering /Users/olegten/.rvm/gems/ruby-3.2.0/gems/railties-7.0.8/lib/rails/templates/rails/welcome/index.html.erb
  Rendered /Users/olegten/.rvm/gems/ruby-3.2.0/gems/railties-7.0.8/lib/rails/templates/rails/welcome/index.html.erb (Duration: 3.9ms | Allocations: 272)
Completed 200 OK in 16ms (Views: 5.7ms | ActiveRecord: 0.0ms | Allocations: 913)


Started GET "/" for 127.0.0.1 at 2024-01-14 13:58:13 +0100
Processing by Rails::WelcomeController#index as HTML
  Rendering /Users/olegten/.rvm/gems/ruby-3.2.0/gems/railties-7.0.8/lib/rails/templates/rails/welcome/index.html.erb
  Rendered /Users/olegten/.rvm/gems/ruby-3.2.0/gems/railties-7.0.8/lib/rails/templates/rails/welcome/index.html.erb (Duration: 1.4ms | Allocations: 489)
Completed 200 OK in 10ms (Views: 3.5ms | ActiveRecord: 0.0ms | Allocations: 4209)


Started GET "/" for 127.0.0.1 at 2024-01-14 13:59:14 +0100
Processing by Rails::WelcomeController#index as HTML
  Rendering /Users/olegten/.rvm/gems/ruby-3.2.0/gems/railties-7.0.8/lib/rails/templates/rails/welcome/index.html.erb
  Rendered /Users/olegten/.rvm/gems/ruby-3.2.0/gems/railties-7.0.8/lib/rails/templates/rails/welcome/index.html.erb (Duration: 1.2ms | Allocations: 272)
Completed 200 OK in 5ms (Views: 3.0ms | ActiveRecord: 0.0ms | Allocations: 904)


Started GET "/log_test/log_messages" for 127.0.0.1 at 2024-01-14 13:59:16 +0100
Processing by LogTestController#log_messages as HTML
[DEBUG] This is a debug message from the controller.
[INFO] This is an info message from the controller.
[WARN] This is a warning message from the controller.
[ERROR] This is an error message from the controller.
[FATAL] This is a fatal error message from the controller.
This is an info message from the controller.
  Rendering text template
  Rendered text template (Duration: 0.0ms | Allocations: 7)
Completed 200 OK in 2ms (Views: 1.6ms | ActiveRecord: 0.0ms | Allocations: 629)


Started GET "/log_test/log_messages" for 127.0.0.1 at 2024-01-14 14:00:20 +0100
Processing by LogTestController#log_messages as HTML
[DEBUG] This is a debug message from the controller.
[INFO] This is an info message from the controller.
[WARN] This is a warning message from the controller.
[ERROR] This is an error message from the controller.
[FATAL] This is a fatal error message from the controller.
This is an info message from the controller.
  Rendering text template
  Rendered text template (Duration: 0.0ms | Allocations: 10)
Completed 200 OK in 5ms (Views: 1.8ms | ActiveRecord: 0.0ms | Allocations: 2272)


Started GET "/" for 127.0.0.1 at 2024-01-14 14:00:21 +0100
Processing by Rails::WelcomeController#index as HTML
  Rendering /Users/olegten/.rvm/gems/ruby-3.2.0/gems/railties-7.0.8/lib/rails/templates/rails/welcome/index.html.erb
  Rendered /Users/olegten/.rvm/gems/ruby-3.2.0/gems/railties-7.0.8/lib/rails/templates/rails/welcome/index.html.erb (Duration: 2.6ms | Allocations: 483)
Completed 200 OK in 13ms (Views: 4.2ms | ActiveRecord: 0.0ms | Allocations: 2570)


Processing by Rails::WelcomeController#index as HTML
Completed 200 OK in 63ms (Views: 2.8ms | ActiveRecord: 0.0ms | Allocations: 4727)


Processing by Rails::WelcomeController#index as HTML
Completed 200 OK in 48ms (Views: 2.9ms | ActiveRecord: 0.0ms | Allocations: 4722)


Processing by Rails::WelcomeController#index as HTML
Completed 200 OK in 48ms (Views: 3.4ms | ActiveRecord: 0.0ms | Allocations: 4728)


Processing by Rails::WelcomeController#index as HTML
Completed 200 OK in 9ms (Views: 2.9ms | ActiveRecord: 0.0ms | Allocations: 4177)


Processing by Rails::WelcomeController#index as HTML
Completed 200 OK in 117ms (Views: 2.8ms | ActiveRecord: 0.0ms | Allocations: 4740)


Processing by LogTestController#log_messages as HTML
Completed 200 OK in 9ms (Views: 1.6ms | ActiveRecord: 0.0ms | Allocations: 2351)


Processing by LogTestController#log_messages as HTML
Completed 200 OK in 16ms (Views: 0.5ms | ActiveRecord: 0.0ms | Allocations: 304)


Processing by Rails::WelcomeController#index as HTML
Completed 200 OK in 12ms (Views: 3.6ms | ActiveRecord: 0.0ms | Allocations: 2530)


Processing by LogTestController#log_messages as HTML
Completed 200 OK in 398ms (Views: 382.4ms | ActiveRecord: 0.0ms | Allocations: 1229)


